<?xml version="1.0" encoding="UTF-8"?>
<!-- Generated by org.testng.reporters.JUnitReportReporter -->
<testsuite hostname="Dinesh" failures="0" tests="7" name="testcases.TC2_Login" time="17.329" errors="0" timestamp="2025-04-08T23:26:22 IST" skipped="0">
  <testcase classname="testcases.TC2_Login" name="testLoginWithValidCredentials" time="4.574"/>
  <testcase classname="testcases.TC2_Login" name="VerifyLoginWithInvalidCredentials" time="1.767"/>
  <testcase classname="testcases.TC2_Login" name="VerifyLoginWithNonRegisterEmail" time="2.241"/>
  <testcase classname="testcases.TC2_Login" name="VerifyLoginWithInvalidPassword" time="2.184"/>
  <testcase classname="testcases.TC2_Login" name="VerifyLoginWithInvalidEmail" time="1.938"/>
  <testcase classname="testcases.TC2_Login" name="VerifyWithBlankCredential" time="2.363"/>
  <testcase classname="testcases.TC2_Login" name="VerifyLoginWithInvalidEmailFormat" time="2.262"/>
</testsuite> <!-- testcases.TC2_Login -->
