<?xml version="1.0" encoding="UTF-8"?>
<!-- Generated by org.testng.reporters.JUnitReportReporter -->
<testsuite hostname="Dinesh" failures="0" tests="4" name="testcases.TC2_Login" time="11.877" errors="0" timestamp="2025-04-07T23:24:00 IST" skipped="0">
  <testcase classname="testcases.TC2_Login" name="testLoginWithValidCredentials" time="4.502"/>
  <testcase classname="testcases.TC2_Login" name="VerifyLoginWithInvalidCredentials" time="2.424"/>
  <testcase classname="testcases.TC2_Login" name="VerifyLoginWithNonRegisterEmail" time="1.935"/>
  <testcase classname="testcases.TC2_Login" name="VerifyLoginWithInvalidPassword" time="3.016"/>
</testsuite> <!-- testcases.TC2_Login -->
