<?xml version="1.0" encoding="UTF-8"?>
<!-- Generated by org.testng.reporters.JUnitReportReporter -->
<testsuite hostname="DESKTOP-M471DVV" failures="0" tests="1" name="testcases.TC1_Registration" time="9.946" errors="0" timestamp="2025-04-02T13:35:10 IST" skipped="0">
  <testcase classname="testcases.TC1_Registration" name="testUserRegistration" time="9.946"/>
</testsuite> <!-- testcases.TC1_Registration -->
