<?xml version="1.0" encoding="UTF-8"?>
<!-- Generated by org.testng.reporters.JUnitReportReporter -->
<testsuite hostname="Dinesh" failures="0" tests="1" name="testcases.TC8_RemoveProductFromCart" time="9.039" errors="0" timestamp="2025-04-03T00:52:46 IST" skipped="0">
  <testcase classname="testcases.TC8_RemoveProductFromCart" name="testRemoveItemsFromCart" time="9.039"/>
</testsuite> <!-- testcases.TC8_RemoveProductFromCart -->
